<?xml version="1.0" encoding="UTF-8"?>
<testsuite name="com.example.demo.BankingServiceTest" tests="1" skipped="0" failures="0" errors="0" timestamp="2024-01-28T17:16:56" hostname="CYBERMICH" time="0.014">
  <properties/>
  <testcase name="testGetAccountsWithBalanceGreaterThan()" classname="com.example.demo.BankingServiceTest" time="0.014"/>
  <system-out><![CDATA[]]></system-out>
  <system-err><![CDATA[]]></system-err>
</testsuite>
